project/android-studio-3.5/app/build/intermediates/manifest_merge_blame_file/debug/manifest-merger-blame-debug-report.txt
1<?xml version="1.0" encoding="utf-8"?>
2<manifest xmlns:android="http://schemas.android.com/apk/res/android"
3    package="edu.esne.basicsexample"
4    android:versionCode="1"
5    android:versionName="1.0" >
6
7    <uses-sdk
8        android:minSdkVersion="14"
8-->src\main\AndroidManifest.xml
9        android:targetSdkVersion="29" />
9-->src\main\AndroidManifest.xml
10
11    <application
11-->src\main\AndroidManifest.xml:3:5-26:19
12        android:allowBackup="true"
12-->src\main\AndroidManifest.xml:4:9-35
13        android:appComponentFactory="androidx.core.app.CoreComponentFactory"
13-->[androidx.core:core:1.1.0] AndroidManifest.xml:24:18-86
14        android:debuggable="true"
15        android:icon="@mipmap/ic_launcher"
15-->src\main\AndroidManifest.xml:5:9-43
16        android:label="@string/app_name"
16-->src\main\AndroidManifest.xml:6:9-41
17        android:roundIcon="@mipmap/ic_launcher_round"
17-->src\main\AndroidManifest.xml:7:9-54
18        android:supportsRtl="true"
18-->src\main\AndroidManifest.xml:8:9-35
19        android:testOnly="true"
20        android:theme="@style/AppTheme" >
20-->src\main\AndroidManifest.xml:9:9-40
21        <activity
21-->src\main\AndroidManifest.xml:11:9-24:20
22            android:name="android.app.NativeActivity"
22-->src\main\AndroidManifest.xml:12:13-54
23            android:configChanges="keyboardHidden|keyboard|orientation|screenSize|locale"
23-->src\main\AndroidManifest.xml:15:13-90
24            android:label="@string/app_name"
24-->src\main\AndroidManifest.xml:13:13-45
25            android:screenOrientation="portrait" >
25-->src\main\AndroidManifest.xml:14:13-49
26            <meta-data
26-->src\main\AndroidManifest.xml:17:13-84
27                android:name="android.app.lib_name"
27-->src\main\AndroidManifest.xml:17:24-59
28                android:value="native" />
28-->src\main\AndroidManifest.xml:17:60-82
29
30            <intent-filter>
30-->src\main\AndroidManifest.xml:19:13-22:29
31                <action android:name="android.intent.action.MAIN" />
31-->src\main\AndroidManifest.xml:20:17-70
31-->src\main\AndroidManifest.xml:20:27-68
32
33                <category android:name="android.intent.category.LAUNCHER" />
33-->src\main\AndroidManifest.xml:21:17-76
33-->src\main\AndroidManifest.xml:21:27-74
34            </intent-filter>
35        </activity>
36    </application>
37
38</manifest>